2020-10-19 00:38:38 INFO  TestBase:67 - Successfully Loaded confirguration properties
2020-10-19 00:38:38 INFO  StepDefinition:34 - **********************Starting execution for scenario : Validate Login is successfll with valid credentials**********************
2020-10-19 00:39:11 INFO  TestBase:47 - Initialized browserName chrome instance
2020-10-19 00:39:14 INFO  TestBase:56 - Launched https://twitter.com/ url
2020-10-19 00:39:16 INFO  TestUtil:25 - Clicked on Login Button on Home Page
2020-10-19 00:39:18 INFO  TestUtil:33 - Entered testacc18694292 value on Phone, email or username field text box
2020-10-19 00:39:18 INFO  TestUtil:33 - Entered Test@123 value on Password Field text box
2020-10-19 00:39:23 INFO  StepDefinition:44 - **********************Completed execution for scenario : Validate Login is successfll with valid credentials**********************
2020-10-19 00:39:23 INFO  TestBase:67 - Successfully Loaded confirguration properties
2020-10-19 00:39:23 INFO  StepDefinition:34 - **********************Starting execution for scenario : Validate Login for invalid credentials**********************
2020-10-19 00:39:33 INFO  TestBase:47 - Initialized browserName chrome instance
2020-10-19 00:39:36 INFO  TestBase:56 - Launched https://twitter.com/ url
2020-10-19 00:39:37 ERROR TestUtil:38 - Phone, email or username field is not visible
2020-10-19 00:39:37 ERROR TestUtil:38 - Password Field is not visible
2020-10-19 00:39:38 INFO  StepDefinition:44 - **********************Completed execution for scenario : Validate Login for invalid credentials**********************
2020-10-19 00:47:07 INFO  TestBase:67 - Successfully Loaded confirguration properties
2020-10-19 00:47:07 INFO  StepDefinition:34 - **********************Starting execution for scenario : Validate Login is successfll with valid credentials**********************
2020-10-19 00:47:11 INFO  TestBase:47 - Initialized browserName chrome instance
2020-10-19 00:47:12 INFO  TestBase:56 - Launched https://twitter.com/ url
2020-10-19 00:47:14 INFO  StepDefinition:46 - **********************Completed execution for scenario : Validate Login is successfll with valid credentials**********************
2020-10-19 00:47:14 INFO  TestBase:67 - Successfully Loaded confirguration properties
2020-10-19 00:47:14 INFO  StepDefinition:34 - **********************Starting execution for scenario : Validate Login for invalid credentials**********************
2020-10-19 00:47:17 INFO  TestBase:47 - Initialized browserName chrome instance
2020-10-19 00:47:19 INFO  TestBase:56 - Launched https://twitter.com/ url
2020-10-19 00:47:20 ERROR TestUtil:38 - Phone, email or username field is not visible
2020-10-19 00:47:20 ERROR TestUtil:38 - Password Field is not visible
2020-10-19 00:47:20 INFO  StepDefinition:46 - **********************Completed execution for scenario : Validate Login for invalid credentials**********************
2020-10-19 00:48:48 INFO  TestBase:67 - Successfully Loaded confirguration properties
2020-10-19 00:48:48 INFO  StepDefinition:34 - **********************Starting execution for scenario : Validate Login is successfll with valid credentials**********************
2020-10-19 00:48:53 INFO  TestBase:47 - Initialized browserName chrome instance
2020-10-19 00:48:54 INFO  TestBase:56 - Launched https://twitter.com/ url
2020-10-19 00:48:55 INFO  TestUtil:25 - Clicked on Login Button on Home Page
2020-10-19 00:48:57 INFO  TestUtil:33 - Entered testacc18694292 value on Phone, email or username field text box
2020-10-19 00:48:58 INFO  TestUtil:33 - Entered Test@123 value on Password Field text box
2020-10-19 00:49:02 INFO  StepDefinition:46 - **********************Completed execution for scenario : Validate Login is successfll with valid credentials**********************
2020-10-19 00:49:03 INFO  TestBase:67 - Successfully Loaded confirguration properties
2020-10-19 00:49:03 INFO  StepDefinition:34 - **********************Starting execution for scenario : Validate Login for invalid credentials**********************
2020-10-19 00:49:11 INFO  TestBase:47 - Initialized browserName chrome instance
2020-10-19 00:49:13 INFO  TestBase:56 - Launched https://twitter.com/ url
2020-10-19 00:49:13 ERROR TestUtil:38 - Phone, email or username field is not visible
2020-10-19 00:49:13 ERROR TestUtil:38 - Password Field is not visible
2020-10-19 00:49:14 INFO  StepDefinition:46 - **********************Completed execution for scenario : Validate Login for invalid credentials**********************
2020-10-19 00:52:42 INFO  TestBase:67 - Successfully Loaded confirguration properties
2020-10-19 00:52:42 INFO  StepDefinition:34 - **********************Starting execution for scenario : Validate Login for invalid credentials**********************
2020-10-19 00:52:46 INFO  TestBase:47 - Initialized browserName chrome instance
2020-10-19 00:52:47 INFO  TestBase:56 - Launched https://twitter.com/ url
2020-10-19 00:52:48 ERROR TestUtil:38 - Phone, email or username field is not visible
2020-10-19 00:52:48 ERROR TestUtil:38 - Password Field is not visible
2020-10-19 00:52:48 INFO  StepDefinition:46 - **********************Completed execution for scenario : Validate Login for invalid credentials**********************
